{"/Users/ruqayah/Downloads/falaq/falaq-projects/counter/src/app/app.context.tsx": {"path":"/Users/ruqayah/Downloads/falaq/falaq-projects/counter/src/app/app.context.tsx","all":false,"statementMap":{"0":{"start":{"line":1,"column":0},"end":{"line":1,"column":58}},"2":{"start":{"line":3,"column":0},"end":{"line":3,"column":45}},"5":{"start":{"line":6,"column":0},"end":{"line":6,"column":61}},"7":{"start":{"line":8,"column":0},"end":{"line":8,"column":31}},"8":{"start":{"line":9,"column":0},"end":{"line":9,"column":39}},"9":{"start":{"line":10,"column":0},"end":{"line":10,"column":3}},"11":{"start":{"line":12,"column":0},"end":{"line":12,"column":37}},"13":{"start":{"line":14,"column":0},"end":{"line":14,"column":50}},"14":{"start":{"line":15,"column":0},"end":{"line":15,"column":36}},"15":{"start":{"line":16,"column":0},"end":{"line":16,"column":42}},"16":{"start":{"line":17,"column":0},"end":{"line":17,"column":5}},"18":{"start":{"line":19,"column":0},"end":{"line":19,"column":35}},"20":{"start":{"line":21,"column":0},"end":{"line":21,"column":17}},"21":{"start":{"line":22,"column":0},"end":{"line":22,"column":3}}},"s":{"0":1,"2":1,"5":1,"7":1,"8":4,"9":4,"11":1,"13":1,"14":1,"15":1,"16":1,"18":1,"20":1,"21":1},"branchMap":{"0":{"type":"branch","line":8,"loc":{"start":{"line":8,"column":7},"end":{"line":10,"column":3}},"locations":[{"start":{"line":8,"column":7},"end":{"line":10,"column":3}}]},"1":{"type":"branch","line":12,"loc":{"start":{"line":12,"column":7},"end":{"line":22,"column":3}},"locations":[{"start":{"line":12,"column":7},"end":{"line":22,"column":3}}]}},"b":{"0":[4],"1":[1]},"fnMap":{"0":{"name":"useAppStore","decl":{"start":{"line":8,"column":7},"end":{"line":10,"column":3}},"loc":{"start":{"line":8,"column":7},"end":{"line":10,"column":3}},"line":8},"1":{"name":"useCreateAppStore","decl":{"start":{"line":12,"column":7},"end":{"line":22,"column":3}},"loc":{"start":{"line":12,"column":7},"end":{"line":22,"column":3}},"line":12}},"f":{"0":4,"1":1}}
,"/Users/ruqayah/Downloads/falaq/falaq-projects/counter/src/app/app.store.tsx": {"path":"/Users/ruqayah/Downloads/falaq/falaq-projects/counter/src/app/app.store.tsx","all":false,"statementMap":{"0":{"start":{"line":1,"column":0},"end":{"line":1,"column":61}},"1":{"start":{"line":2,"column":0},"end":{"line":2,"column":44}},"4":{"start":{"line":5,"column":0},"end":{"line":5,"column":37}},"5":{"start":{"line":6,"column":0},"end":{"line":6,"column":46}},"7":{"start":{"line":8,"column":0},"end":{"line":8,"column":50}},"8":{"start":{"line":9,"column":0},"end":{"line":9,"column":57}},"9":{"start":{"line":10,"column":0},"end":{"line":10,"column":18}},"11":{"start":{"line":12,"column":0},"end":{"line":12,"column":12}},"12":{"start":{"line":13,"column":0},"end":{"line":13,"column":16}},"13":{"start":{"line":14,"column":0},"end":{"line":14,"column":47}},"14":{"start":{"line":15,"column":0},"end":{"line":15,"column":10}},"15":{"start":{"line":16,"column":0},"end":{"line":16,"column":18}},"16":{"start":{"line":17,"column":0},"end":{"line":17,"column":55}},"17":{"start":{"line":18,"column":0},"end":{"line":18,"column":56}},"18":{"start":{"line":19,"column":0},"end":{"line":19,"column":9}},"19":{"start":{"line":20,"column":0},"end":{"line":20,"column":5}},"20":{"start":{"line":21,"column":0},"end":{"line":21,"column":1}}},"s":{"0":1,"1":1,"4":1,"5":1,"7":1,"8":1,"9":1,"11":1,"12":1,"13":1,"14":1,"15":1,"16":1,"17":1,"18":1,"19":1,"20":1},"branchMap":{"0":{"type":"branch","line":5,"loc":{"start":{"line":5,"column":30},"end":{"line":21,"column":1}},"locations":[{"start":{"line":5,"column":30},"end":{"line":21,"column":1}}]},"1":{"type":"branch","line":9,"loc":{"start":{"line":9,"column":9},"end":{"line":9,"column":54}},"locations":[{"start":{"line":9,"column":9},"end":{"line":9,"column":54}}]},"2":{"type":"branch","line":17,"loc":{"start":{"line":17,"column":28},"end":{"line":17,"column":55}},"locations":[{"start":{"line":17,"column":28},"end":{"line":17,"column":55}}]}},"b":{"0":[1],"1":[3],"2":[2]},"fnMap":{"0":{"name":"createAppStore","decl":{"start":{"line":5,"column":30},"end":{"line":21,"column":1}},"loc":{"start":{"line":5,"column":30},"end":{"line":21,"column":1}},"line":5},"1":{"name":"incrementByOne","decl":{"start":{"line":17,"column":28},"end":{"line":17,"column":55}},"loc":{"start":{"line":17,"column":28},"end":{"line":17,"column":55}},"line":17},"2":{"name":"decrementByOne","decl":{"start":{"line":18,"column":28},"end":{"line":18,"column":56}},"loc":{"start":{"line":18,"column":28},"end":{"line":18,"column":56}},"line":18}},"f":{"0":1,"1":2,"2":0}}
,"/Users/ruqayah/Downloads/falaq/falaq-projects/counter/src/app/app.view.tsx": {"path":"/Users/ruqayah/Downloads/falaq/falaq-projects/counter/src/app/app.view.tsx","all":false,"statementMap":{"2":{"start":{"line":3,"column":0},"end":{"line":3,"column":44}},"3":{"start":{"line":4,"column":0},"end":{"line":4,"column":41}},"5":{"start":{"line":6,"column":0},"end":{"line":6,"column":30}},"6":{"start":{"line":7,"column":0},"end":{"line":7,"column":71}},"7":{"start":{"line":8,"column":0},"end":{"line":8,"column":40}},"10":{"start":{"line":11,"column":0},"end":{"line":11,"column":12}},"11":{"start":{"line":12,"column":0},"end":{"line":12,"column":65}},"12":{"start":{"line":13,"column":0},"end":{"line":13,"column":35}},"13":{"start":{"line":14,"column":0},"end":{"line":14,"column":64}},"14":{"start":{"line":15,"column":0},"end":{"line":15,"column":14}},"16":{"start":{"line":17,"column":0},"end":{"line":17,"column":1}}},"s":{"2":1,"3":1,"5":1,"6":4,"7":4,"10":4,"11":4,"12":4,"13":4,"14":4,"16":4},"branchMap":{"0":{"type":"branch","line":6,"loc":{"start":{"line":6,"column":23},"end":{"line":17,"column":1}},"locations":[{"start":{"line":6,"column":23},"end":{"line":17,"column":1}}]}},"b":{"0":[4]},"fnMap":{"0":{"name":"AppView","decl":{"start":{"line":6,"column":23},"end":{"line":17,"column":1}},"loc":{"start":{"line":6,"column":23},"end":{"line":17,"column":1}},"line":6}},"f":{"0":4}}
,"/Users/ruqayah/Downloads/falaq/falaq-projects/counter/src/app/index.tsx": {"path":"/Users/ruqayah/Downloads/falaq/falaq-projects/counter/src/app/index.tsx","all":false,"statementMap":{"0":{"start":{"line":1,"column":0},"end":{"line":1,"column":64}},"1":{"start":{"line":2,"column":0},"end":{"line":2,"column":37}},"4":{"start":{"line":5,"column":0},"end":{"line":5,"column":26}},"5":{"start":{"line":6,"column":0},"end":{"line":6,"column":38}},"6":{"start":{"line":7,"column":0},"end":{"line":7,"column":10}},"7":{"start":{"line":8,"column":0},"end":{"line":8,"column":43}},"8":{"start":{"line":9,"column":0},"end":{"line":9,"column":14}},"9":{"start":{"line":10,"column":0},"end":{"line":10,"column":30}},"11":{"start":{"line":12,"column":0},"end":{"line":12,"column":1}}},"s":{"0":1,"1":1,"4":1,"5":1,"6":1,"7":1,"8":1,"9":1,"11":1},"branchMap":{"0":{"type":"branch","line":5,"loc":{"start":{"line":5,"column":19},"end":{"line":12,"column":1}},"locations":[{"start":{"line":5,"column":19},"end":{"line":12,"column":1}}]}},"b":{"0":[1]},"fnMap":{"0":{"name":"App","decl":{"start":{"line":5,"column":19},"end":{"line":12,"column":1}},"loc":{"start":{"line":5,"column":19},"end":{"line":12,"column":1}},"line":5}},"f":{"0":1}}
,"/Users/ruqayah/Downloads/falaq/falaq-projects/counter/src/utils/index.ts": {"path":"/Users/ruqayah/Downloads/falaq/falaq-projects/counter/src/utils/index.ts","all":false,"statementMap":{"0":{"start":{"line":1,"column":0},"end":{"line":1,"column":34}},"1":{"start":{"line":2,"column":0},"end":{"line":2,"column":44}},"8":{"start":{"line":9,"column":0},"end":{"line":9,"column":36}},"9":{"start":{"line":10,"column":0},"end":{"line":10,"column":30}},"10":{"start":{"line":11,"column":0},"end":{"line":11,"column":19}},"11":{"start":{"line":12,"column":0},"end":{"line":12,"column":2}},"12":{"start":{"line":13,"column":0},"end":{"line":13,"column":141}},"13":{"start":{"line":14,"column":0},"end":{"line":14,"column":1}},"15":{"start":{"line":16,"column":0},"end":{"line":16,"column":34}},"16":{"start":{"line":17,"column":0},"end":{"line":17,"column":15}},"17":{"start":{"line":18,"column":0},"end":{"line":18,"column":17}},"18":{"start":{"line":19,"column":0},"end":{"line":19,"column":25}},"19":{"start":{"line":20,"column":0},"end":{"line":20,"column":61}},"21":{"start":{"line":22,"column":0},"end":{"line":22,"column":20}},"22":{"start":{"line":23,"column":0},"end":{"line":23,"column":51}},"23":{"start":{"line":24,"column":0},"end":{"line":24,"column":39}},"24":{"start":{"line":25,"column":0},"end":{"line":25,"column":21}},"26":{"start":{"line":27,"column":0},"end":{"line":27,"column":17}},"27":{"start":{"line":28,"column":0},"end":{"line":28,"column":1}}},"s":{"0":1,"1":1,"8":1,"9":1,"10":1,"11":1,"12":1,"13":1,"15":1,"16":4,"17":4,"18":4,"19":4,"21":4,"22":1,"23":1,"24":4,"26":4,"27":4},"branchMap":{"0":{"type":"branch","line":9,"loc":{"start":{"line":9,"column":7},"end":{"line":14,"column":1}},"locations":[{"start":{"line":9,"column":7},"end":{"line":14,"column":1}}]},"1":{"type":"branch","line":16,"loc":{"start":{"line":16,"column":7},"end":{"line":28,"column":1}},"locations":[{"start":{"line":16,"column":7},"end":{"line":28,"column":1}}]},"2":{"type":"branch","line":20,"loc":{"start":{"line":20,"column":42},"end":{"line":20,"column":59}},"locations":[{"start":{"line":20,"column":42},"end":{"line":20,"column":59}}]},"3":{"type":"branch","line":22,"loc":{"start":{"line":22,"column":14},"end":{"line":25,"column":7}},"locations":[{"start":{"line":22,"column":14},"end":{"line":25,"column":7}}]},"4":{"type":"branch","line":24,"loc":{"start":{"line":24,"column":15},"end":{"line":24,"column":39}},"locations":[{"start":{"line":24,"column":15},"end":{"line":24,"column":39}}]}},"b":{"0":[1],"1":[4],"2":[1],"3":[1],"4":[1]},"fnMap":{"0":{"name":"withInitialValue","decl":{"start":{"line":9,"column":7},"end":{"line":14,"column":1}},"loc":{"start":{"line":9,"column":7},"end":{"line":14,"column":1}},"line":9},"1":{"name":"useObservable","decl":{"start":{"line":16,"column":7},"end":{"line":28,"column":1}},"loc":{"start":{"line":16,"column":7},"end":{"line":28,"column":1}},"line":16}},"f":{"0":1,"1":4}}
}
