{"/Users/ruqayah/Downloads/falaq/falaq-projects/product/client/src/api/index.ts": {"path":"/Users/ruqayah/Downloads/falaq/falaq-projects/product/client/src/api/index.ts","all":false,"statementMap":{"0":{"start":{"line":1,"column":0},"end":{"line":1,"column":27}}},"s":{"0":1},"branchMap":{},"b":{},"fnMap":{},"f":{}}
,"/Users/ruqayah/Downloads/falaq/falaq-projects/product/client/src/api/products.ts": {"path":"/Users/ruqayah/Downloads/falaq/falaq-projects/product/client/src/api/products.ts","all":false,"statementMap":{"0":{"start":{"line":1,"column":0},"end":{"line":1,"column":43}},"1":{"start":{"line":2,"column":0},"end":{"line":2,"column":33}},"3":{"start":{"line":4,"column":0},"end":{"line":4,"column":73}},"10":{"start":{"line":11,"column":0},"end":{"line":11,"column":51}},"12":{"start":{"line":13,"column":0},"end":{"line":13,"column":32}},"13":{"start":{"line":14,"column":0},"end":{"line":14,"column":58}},"14":{"start":{"line":15,"column":0},"end":{"line":15,"column":66}},"15":{"start":{"line":16,"column":0},"end":{"line":16,"column":49}},"16":{"start":{"line":17,"column":0},"end":{"line":17,"column":21}},"17":{"start":{"line":18,"column":0},"end":{"line":18,"column":76}},"18":{"start":{"line":19,"column":0},"end":{"line":19,"column":5}},"19":{"start":{"line":20,"column":0},"end":{"line":20,"column":4}},"21":{"start":{"line":22,"column":0},"end":{"line":22,"column":50}},"22":{"start":{"line":23,"column":0},"end":{"line":23,"column":63}},"23":{"start":{"line":24,"column":0},"end":{"line":24,"column":65}},"24":{"start":{"line":25,"column":0},"end":{"line":25,"column":30}},"25":{"start":{"line":26,"column":0},"end":{"line":26,"column":4}},"27":{"start":{"line":28,"column":0},"end":{"line":28,"column":53}},"28":{"start":{"line":29,"column":0},"end":{"line":29,"column":66}},"29":{"start":{"line":30,"column":0},"end":{"line":30,"column":65}},"30":{"start":{"line":31,"column":0},"end":{"line":31,"column":30}},"31":{"start":{"line":32,"column":0},"end":{"line":32,"column":4}},"33":{"start":{"line":34,"column":0},"end":{"line":34,"column":56}},"34":{"start":{"line":35,"column":0},"end":{"line":35,"column":25}},"35":{"start":{"line":36,"column":0},"end":{"line":36,"column":32}},"36":{"start":{"line":37,"column":0},"end":{"line":37,"column":19}},"37":{"start":{"line":38,"column":0},"end":{"line":38,"column":18}},"38":{"start":{"line":39,"column":0},"end":{"line":39,"column":52}},"39":{"start":{"line":40,"column":0},"end":{"line":40,"column":10}},"40":{"start":{"line":41,"column":0},"end":{"line":41,"column":65}},"41":{"start":{"line":42,"column":0},"end":{"line":42,"column":30}},"42":{"start":{"line":43,"column":0},"end":{"line":43,"column":4}},"44":{"start":{"line":45,"column":0},"end":{"line":45,"column":77}},"45":{"start":{"line":46,"column":0},"end":{"line":46,"column":25}},"46":{"start":{"line":47,"column":0},"end":{"line":47,"column":38}},"47":{"start":{"line":48,"column":0},"end":{"line":48,"column":20}},"48":{"start":{"line":49,"column":0},"end":{"line":49,"column":18}},"49":{"start":{"line":50,"column":0},"end":{"line":50,"column":52}},"50":{"start":{"line":51,"column":0},"end":{"line":51,"column":10}},"51":{"start":{"line":52,"column":0},"end":{"line":52,"column":65}},"52":{"start":{"line":53,"column":0},"end":{"line":53,"column":30}},"53":{"start":{"line":54,"column":0},"end":{"line":54,"column":4}}},"s":{"0":1,"1":1,"3":1,"10":1,"12":1,"13":9,"14":9,"15":9,"16":9,"17":9,"18":9,"19":9,"21":1,"22":1,"23":1,"24":1,"25":1,"27":1,"28":1,"29":1,"30":1,"31":1,"33":1,"34":1,"35":1,"36":1,"37":1,"38":1,"39":1,"40":1,"41":1,"42":1,"44":1,"45":1,"46":1,"47":1,"48":1,"49":1,"50":1,"51":1,"52":1,"53":1},"branchMap":{"0":{"type":"branch","line":13,"loc":{"start":{"line":13,"column":27},"end":{"line":20,"column":4}},"locations":[{"start":{"line":13,"column":27},"end":{"line":20,"column":4}}]},"1":{"type":"branch","line":15,"loc":{"start":{"line":15,"column":8},"end":{"line":15,"column":64}},"locations":[{"start":{"line":15,"column":8},"end":{"line":15,"column":64}}]},"2":{"type":"branch","line":17,"loc":{"start":{"line":17,"column":8},"end":{"line":18,"column":76}},"locations":[{"start":{"line":17,"column":8},"end":{"line":18,"column":76}}]},"3":{"type":"branch","line":18,"loc":{"start":{"line":18,"column":20},"end":{"line":18,"column":41}},"locations":[{"start":{"line":18,"column":20},"end":{"line":18,"column":41}}]},"4":{"type":"branch","line":22,"loc":{"start":{"line":22,"column":26},"end":{"line":26,"column":4}},"locations":[{"start":{"line":22,"column":26},"end":{"line":26,"column":4}}]},"5":{"type":"branch","line":24,"loc":{"start":{"line":24,"column":8},"end":{"line":24,"column":63}},"locations":[{"start":{"line":24,"column":8},"end":{"line":24,"column":63}}]},"6":{"type":"branch","line":28,"loc":{"start":{"line":28,"column":29},"end":{"line":32,"column":4}},"locations":[{"start":{"line":28,"column":29},"end":{"line":32,"column":4}}]},"7":{"type":"branch","line":30,"loc":{"start":{"line":30,"column":8},"end":{"line":30,"column":63}},"locations":[{"start":{"line":30,"column":8},"end":{"line":30,"column":63}}]},"8":{"type":"branch","line":34,"loc":{"start":{"line":34,"column":29},"end":{"line":43,"column":4}},"locations":[{"start":{"line":34,"column":29},"end":{"line":43,"column":4}}]},"9":{"type":"branch","line":41,"loc":{"start":{"line":41,"column":8},"end":{"line":41,"column":63}},"locations":[{"start":{"line":41,"column":8},"end":{"line":41,"column":63}}]},"10":{"type":"branch","line":42,"loc":{"start":{"line":42,"column":15},"end":{"line":42,"column":29}},"locations":[{"start":{"line":42,"column":15},"end":{"line":42,"column":29}}]},"11":{"type":"branch","line":45,"loc":{"start":{"line":45,"column":29},"end":{"line":54,"column":4}},"locations":[{"start":{"line":45,"column":29},"end":{"line":54,"column":4}}]},"12":{"type":"branch","line":52,"loc":{"start":{"line":52,"column":8},"end":{"line":52,"column":63}},"locations":[{"start":{"line":52,"column":8},"end":{"line":52,"column":63}}]}},"b":{"0":[9],"1":[9],"2":[9],"3":[22],"4":[1],"5":[1],"6":[1],"7":[1],"8":[1],"9":[1],"10":[1],"11":[1],"12":[1]},"fnMap":{"0":{"name":"getProducts","decl":{"start":{"line":13,"column":27},"end":{"line":20,"column":4}},"loc":{"start":{"line":13,"column":27},"end":{"line":20,"column":4}},"line":13},"1":{"name":"getProduct","decl":{"start":{"line":22,"column":26},"end":{"line":26,"column":4}},"loc":{"start":{"line":22,"column":26},"end":{"line":26,"column":4}},"line":22},"2":{"name":"deleteProduct","decl":{"start":{"line":28,"column":29},"end":{"line":32,"column":4}},"loc":{"start":{"line":28,"column":29},"end":{"line":32,"column":4}},"line":28},"3":{"name":"createProduct","decl":{"start":{"line":34,"column":29},"end":{"line":43,"column":4}},"loc":{"start":{"line":34,"column":29},"end":{"line":43,"column":4}},"line":34},"4":{"name":"updateProduct","decl":{"start":{"line":45,"column":29},"end":{"line":54,"column":4}},"loc":{"start":{"line":45,"column":29},"end":{"line":54,"column":4}},"line":45}},"f":{"0":9,"1":1,"2":1,"3":1,"4":1}}
,"/Users/ruqayah/Downloads/falaq/falaq-projects/product/client/src/app/app.context.tsx": {"path":"/Users/ruqayah/Downloads/falaq/falaq-projects/product/client/src/app/app.context.tsx","all":false,"statementMap":{"0":{"start":{"line":1,"column":0},"end":{"line":1,"column":58}},"2":{"start":{"line":3,"column":0},"end":{"line":3,"column":49}},"5":{"start":{"line":6,"column":0},"end":{"line":6,"column":65}},"7":{"start":{"line":8,"column":0},"end":{"line":8,"column":31}},"8":{"start":{"line":9,"column":0},"end":{"line":9,"column":37}},"9":{"start":{"line":10,"column":0},"end":{"line":10,"column":1}},"11":{"start":{"line":12,"column":0},"end":{"line":12,"column":37}},"12":{"start":{"line":13,"column":0},"end":{"line":13,"column":53}},"13":{"start":{"line":14,"column":0},"end":{"line":14,"column":34}},"14":{"start":{"line":15,"column":0},"end":{"line":15,"column":44}},"15":{"start":{"line":16,"column":0},"end":{"line":16,"column":3}},"17":{"start":{"line":18,"column":0},"end":{"line":18,"column":33}},"19":{"start":{"line":20,"column":0},"end":{"line":20,"column":15}},"20":{"start":{"line":21,"column":0},"end":{"line":21,"column":1}}},"s":{"0":1,"2":1,"5":1,"7":1,"8":43,"9":43,"11":1,"12":6,"13":6,"14":6,"15":6,"17":6,"19":6,"20":6},"branchMap":{"0":{"type":"branch","line":8,"loc":{"start":{"line":8,"column":7},"end":{"line":10,"column":1}},"locations":[{"start":{"line":8,"column":7},"end":{"line":10,"column":1}}]},"1":{"type":"branch","line":12,"loc":{"start":{"line":12,"column":7},"end":{"line":21,"column":1}},"locations":[{"start":{"line":12,"column":7},"end":{"line":21,"column":1}}]}},"b":{"0":[43],"1":[6]},"fnMap":{"0":{"name":"useAppStore","decl":{"start":{"line":8,"column":7},"end":{"line":10,"column":1}},"loc":{"start":{"line":8,"column":7},"end":{"line":10,"column":1}},"line":8},"1":{"name":"useCreateAppStore","decl":{"start":{"line":12,"column":7},"end":{"line":21,"column":1}},"loc":{"start":{"line":12,"column":7},"end":{"line":21,"column":1}},"line":12}},"f":{"0":43,"1":6}}
,"/Users/ruqayah/Downloads/falaq/falaq-projects/product/client/src/app/app.store.tsx": {"path":"/Users/ruqayah/Downloads/falaq/falaq-projects/product/client/src/app/app.store.tsx","all":false,"statementMap":{"0":{"start":{"line":1,"column":0},"end":{"line":1,"column":78}},"2":{"start":{"line":3,"column":0},"end":{"line":3,"column":8}},"9":{"start":{"line":10,"column":0},"end":{"line":10,"column":44}},"12":{"start":{"line":13,"column":0},"end":{"line":13,"column":41}},"13":{"start":{"line":14,"column":0},"end":{"line":14,"column":75}},"15":{"start":{"line":16,"column":0},"end":{"line":16,"column":52}},"16":{"start":{"line":17,"column":0},"end":{"line":17,"column":56}},"17":{"start":{"line":18,"column":0},"end":{"line":18,"column":18}},"18":{"start":{"line":19,"column":0},"end":{"line":19,"column":4}},"20":{"start":{"line":21,"column":0},"end":{"line":21,"column":47}},"22":{"start":{"line":23,"column":0},"end":{"line":23,"column":38}},"25":{"start":{"line":26,"column":0},"end":{"line":26,"column":7}},"27":{"start":{"line":28,"column":0},"end":{"line":28,"column":47}},"28":{"start":{"line":29,"column":0},"end":{"line":29,"column":35}},"29":{"start":{"line":30,"column":0},"end":{"line":30,"column":62}},"30":{"start":{"line":31,"column":0},"end":{"line":31,"column":6}},"31":{"start":{"line":32,"column":0},"end":{"line":32,"column":18}},"32":{"start":{"line":33,"column":0},"end":{"line":33,"column":4}},"34":{"start":{"line":35,"column":0},"end":{"line":35,"column":56}},"36":{"start":{"line":37,"column":0},"end":{"line":37,"column":46}},"37":{"start":{"line":38,"column":0},"end":{"line":38,"column":42}},"38":{"start":{"line":39,"column":0},"end":{"line":39,"column":18}},"39":{"start":{"line":40,"column":0},"end":{"line":40,"column":4}},"41":{"start":{"line":42,"column":0},"end":{"line":42,"column":79}},"43":{"start":{"line":44,"column":0},"end":{"line":44,"column":35}},"44":{"start":{"line":45,"column":0},"end":{"line":45,"column":35}},"45":{"start":{"line":46,"column":0},"end":{"line":46,"column":18}},"46":{"start":{"line":47,"column":0},"end":{"line":47,"column":4}},"48":{"start":{"line":49,"column":0},"end":{"line":49,"column":10}},"49":{"start":{"line":50,"column":0},"end":{"line":50,"column":12}},"50":{"start":{"line":51,"column":0},"end":{"line":51,"column":49}},"51":{"start":{"line":52,"column":0},"end":{"line":52,"column":65}},"52":{"start":{"line":53,"column":0},"end":{"line":53,"column":61}},"53":{"start":{"line":54,"column":0},"end":{"line":54,"column":6}},"54":{"start":{"line":55,"column":0},"end":{"line":55,"column":14}},"55":{"start":{"line":56,"column":0},"end":{"line":56,"column":53}},"56":{"start":{"line":57,"column":0},"end":{"line":57,"column":23}},"57":{"start":{"line":58,"column":0},"end":{"line":58,"column":11}},"58":{"start":{"line":59,"column":0},"end":{"line":59,"column":16}},"59":{"start":{"line":60,"column":0},"end":{"line":60,"column":10}},"62":{"start":{"line":63,"column":0},"end":{"line":63,"column":49}},"63":{"start":{"line":64,"column":0},"end":{"line":64,"column":70}},"64":{"start":{"line":65,"column":0},"end":{"line":65,"column":53}},"65":{"start":{"line":66,"column":0},"end":{"line":66,"column":39}},"66":{"start":{"line":67,"column":0},"end":{"line":67,"column":6}},"67":{"start":{"line":68,"column":0},"end":{"line":68,"column":4}},"68":{"start":{"line":69,"column":0},"end":{"line":69,"column":2}}},"s":{"0":1,"2":1,"9":1,"12":1,"13":6,"15":6,"16":6,"17":6,"18":6,"20":6,"22":6,"25":6,"27":6,"28":6,"29":2,"30":6,"31":6,"32":6,"34":6,"36":6,"37":6,"38":6,"39":6,"41":6,"43":6,"44":6,"45":6,"46":6,"48":6,"49":6,"50":6,"51":6,"52":6,"53":6,"54":6,"55":6,"56":6,"57":2,"58":2,"59":2,"62":2,"63":6,"64":6,"65":8,"66":6,"67":6,"68":6},"branchMap":{"0":{"type":"branch","line":13,"loc":{"start":{"line":13,"column":34},"end":{"line":69,"column":2}},"locations":[{"start":{"line":13,"column":34},"end":{"line":69,"column":2}}]},"1":{"type":"branch","line":17,"loc":{"start":{"line":17,"column":14},"end":{"line":17,"column":54}},"locations":[{"start":{"line":17,"column":14},"end":{"line":17,"column":54}}]},"2":{"type":"branch","line":17,"loc":{"start":{"line":17,"column":23},"end":{"line":17,"column":45}},"locations":[{"start":{"line":17,"column":23},"end":{"line":17,"column":45}}]},"3":{"type":"branch","line":17,"loc":{"start":{"line":17,"column":41},"end":{"line":17,"column":54}},"locations":[{"start":{"line":17,"column":41},"end":{"line":17,"column":54}}]},"4":{"type":"branch","line":29,"loc":{"start":{"line":29,"column":15},"end":{"line":30,"column":62}},"locations":[{"start":{"line":29,"column":15},"end":{"line":30,"column":62}}]},"5":{"type":"branch","line":30,"loc":{"start":{"line":30,"column":6},"end":{"line":30,"column":40}},"locations":[{"start":{"line":30,"column":6},"end":{"line":30,"column":40}}]},"6":{"type":"branch","line":30,"loc":{"start":{"line":30,"column":36},"end":{"line":30,"column":62}},"locations":[{"start":{"line":30,"column":36},"end":{"line":30,"column":62}}]},"7":{"type":"branch","line":38,"loc":{"start":{"line":38,"column":15},"end":{"line":38,"column":40}},"locations":[{"start":{"line":38,"column":15},"end":{"line":38,"column":40}}]},"8":{"type":"branch","line":45,"loc":{"start":{"line":45,"column":14},"end":{"line":45,"column":33}},"locations":[{"start":{"line":45,"column":14},"end":{"line":45,"column":33}}]},"9":{"type":"branch","line":56,"loc":{"start":{"line":56,"column":23},"end":{"line":56,"column":53}},"locations":[{"start":{"line":56,"column":23},"end":{"line":56,"column":53}}]},"10":{"type":"branch","line":57,"loc":{"start":{"line":57,"column":21},"end":{"line":63,"column":49}},"locations":[{"start":{"line":57,"column":21},"end":{"line":63,"column":49}}]},"11":{"type":"branch","line":64,"loc":{"start":{"line":64,"column":21},"end":{"line":64,"column":70}},"locations":[{"start":{"line":64,"column":21},"end":{"line":64,"column":70}}]},"12":{"type":"branch","line":65,"loc":{"start":{"line":65,"column":28},"end":{"line":66,"column":39}},"locations":[{"start":{"line":65,"column":28},"end":{"line":66,"column":39}}]}},"b":{"0":[6],"1":[8],"2":[1],"3":[7],"4":[2],"5":[1],"6":[1],"7":[1],"8":[9],"9":[6],"10":[2],"11":[1],"12":[8]},"fnMap":{"0":{"name":"createProductStore","decl":{"start":{"line":13,"column":34},"end":{"line":69,"column":2}},"loc":{"start":{"line":13,"column":34},"end":{"line":69,"column":2}},"line":13},"1":{"name":"refreshProducts","decl":{"start":{"line":56,"column":23},"end":{"line":56,"column":53}},"loc":{"start":{"line":56,"column":23},"end":{"line":56,"column":53}},"line":56},"2":{"name":"upsertProduct","decl":{"start":{"line":57,"column":21},"end":{"line":63,"column":49}},"loc":{"start":{"line":57,"column":21},"end":{"line":63,"column":49}},"line":57},"3":{"name":"deleteProduct","decl":{"start":{"line":64,"column":21},"end":{"line":64,"column":70}},"loc":{"start":{"line":64,"column":21},"end":{"line":64,"column":70}},"line":64},"4":{"name":"setActiveProductById","decl":{"start":{"line":65,"column":28},"end":{"line":66,"column":39}},"loc":{"start":{"line":65,"column":28},"end":{"line":66,"column":39}},"line":65}},"f":{"0":6,"1":6,"2":2,"3":1,"4":8}}
,"/Users/ruqayah/Downloads/falaq/falaq-projects/product/client/src/app/app.view.tsx": {"path":"/Users/ruqayah/Downloads/falaq/falaq-projects/product/client/src/app/app.view.tsx","all":false,"statementMap":{"0":{"start":{"line":1,"column":0},"end":{"line":1,"column":49}},"1":{"start":{"line":2,"column":0},"end":{"line":2,"column":43}},"2":{"start":{"line":3,"column":0},"end":{"line":3,"column":40}},"4":{"start":{"line":5,"column":0},"end":{"line":5,"column":41}},"5":{"start":{"line":6,"column":0},"end":{"line":6,"column":44}},"6":{"start":{"line":7,"column":0},"end":{"line":7,"column":34}},"7":{"start":{"line":8,"column":0},"end":{"line":8,"column":49}},"9":{"start":{"line":10,"column":0},"end":{"line":10,"column":30}},"10":{"start":{"line":11,"column":0},"end":{"line":11,"column":9}},"11":{"start":{"line":12,"column":0},"end":{"line":12,"column":25}},"12":{"start":{"line":13,"column":0},"end":{"line":13,"column":48}},"13":{"start":{"line":14,"column":0},"end":{"line":14,"column":20}},"15":{"start":{"line":16,"column":0},"end":{"line":16,"column":44}},"17":{"start":{"line":18,"column":0},"end":{"line":18,"column":19}},"18":{"start":{"line":19,"column":0},"end":{"line":19,"column":22}},"19":{"start":{"line":20,"column":0},"end":{"line":20,"column":9}},"21":{"start":{"line":22,"column":0},"end":{"line":22,"column":10}},"22":{"start":{"line":23,"column":0},"end":{"line":23,"column":9}},"23":{"start":{"line":24,"column":0},"end":{"line":24,"column":23}},"24":{"start":{"line":25,"column":0},"end":{"line":25,"column":36}},"25":{"start":{"line":26,"column":0},"end":{"line":26,"column":15}},"26":{"start":{"line":27,"column":0},"end":{"line":27,"column":17}},"27":{"start":{"line":28,"column":0},"end":{"line":28,"column":16}},"28":{"start":{"line":29,"column":0},"end":{"line":29,"column":28}},"29":{"start":{"line":30,"column":0},"end":{"line":30,"column":34}},"30":{"start":{"line":31,"column":0},"end":{"line":31,"column":28}},"31":{"start":{"line":32,"column":0},"end":{"line":32,"column":29}},"32":{"start":{"line":33,"column":0},"end":{"line":33,"column":17}},"33":{"start":{"line":34,"column":0},"end":{"line":34,"column":18}},"34":{"start":{"line":35,"column":0},"end":{"line":35,"column":17}},"35":{"start":{"line":36,"column":0},"end":{"line":36,"column":44}},"36":{"start":{"line":37,"column":0},"end":{"line":37,"column":30}},"37":{"start":{"line":38,"column":0},"end":{"line":38,"column":37}},"38":{"start":{"line":39,"column":0},"end":{"line":39,"column":43}},"39":{"start":{"line":40,"column":0},"end":{"line":40,"column":37}},"40":{"start":{"line":41,"column":0},"end":{"line":41,"column":38}},"41":{"start":{"line":42,"column":0},"end":{"line":42,"column":34}},"42":{"start":{"line":43,"column":0},"end":{"line":43,"column":58}},"43":{"start":{"line":44,"column":0},"end":{"line":44,"column":49}},"44":{"start":{"line":45,"column":0},"end":{"line":45,"column":53}},"45":{"start":{"line":46,"column":0},"end":{"line":46,"column":20}},"47":{"start":{"line":48,"column":0},"end":{"line":48,"column":75}},"48":{"start":{"line":49,"column":0},"end":{"line":49,"column":56}},"49":{"start":{"line":50,"column":0},"end":{"line":50,"column":25}},"50":{"start":{"line":51,"column":0},"end":{"line":51,"column":21}},"51":{"start":{"line":52,"column":0},"end":{"line":52,"column":19}},"52":{"start":{"line":53,"column":0},"end":{"line":53,"column":15}},"53":{"start":{"line":54,"column":0},"end":{"line":54,"column":18}},"54":{"start":{"line":55,"column":0},"end":{"line":55,"column":16}},"55":{"start":{"line":56,"column":0},"end":{"line":56,"column":12}},"56":{"start":{"line":57,"column":0},"end":{"line":57,"column":10}},"58":{"start":{"line":59,"column":0},"end":{"line":59,"column":2}}},"s":{"0":1,"1":1,"2":1,"4":1,"5":1,"6":1,"7":1,"9":1,"10":15,"11":15,"12":15,"13":15,"15":15,"17":15,"18":6,"19":15,"21":15,"22":15,"23":15,"24":15,"25":15,"26":15,"27":15,"28":15,"29":15,"30":15,"31":15,"32":15,"33":15,"34":15,"35":15,"36":31,"37":31,"38":31,"39":31,"40":31,"41":31,"42":31,"43":31,"44":31,"45":31,"47":31,"48":31,"49":31,"50":31,"51":31,"52":15,"53":15,"54":15,"55":15,"56":15,"58":15},"branchMap":{"0":{"type":"branch","line":10,"loc":{"start":{"line":10,"column":23},"end":{"line":59,"column":2}},"locations":[{"start":{"line":10,"column":23},"end":{"line":59,"column":2}}]},"1":{"type":"branch","line":18,"loc":{"start":{"line":18,"column":12},"end":{"line":20,"column":5}},"locations":[{"start":{"line":18,"column":12},"end":{"line":20,"column":5}}]},"2":{"type":"branch","line":36,"loc":{"start":{"line":36,"column":26},"end":{"line":52,"column":19}},"locations":[{"start":{"line":36,"column":26},"end":{"line":52,"column":19}}]},"3":{"type":"branch","line":43,"loc":{"start":{"line":43,"column":29},"end":{"line":43,"column":58}},"locations":[{"start":{"line":43,"column":29},"end":{"line":43,"column":58}}]}},"b":{"0":[15],"1":[6],"2":[31],"3":[1]},"fnMap":{"0":{"name":"AppView","decl":{"start":{"line":10,"column":23},"end":{"line":59,"column":2}},"loc":{"start":{"line":10,"column":23},"end":{"line":59,"column":2}},"line":10},"1":{"name":"onClick","decl":{"start":{"line":43,"column":29},"end":{"line":43,"column":58}},"loc":{"start":{"line":43,"column":29},"end":{"line":43,"column":58}},"line":43}},"f":{"0":15,"1":1}}
,"/Users/ruqayah/Downloads/falaq/falaq-projects/product/client/src/app/index.tsx": {"path":"/Users/ruqayah/Downloads/falaq/falaq-projects/product/client/src/app/index.tsx","all":false,"statementMap":{"0":{"start":{"line":1,"column":0},"end":{"line":1,"column":64}},"2":{"start":{"line":3,"column":0},"end":{"line":3,"column":67}},"3":{"start":{"line":4,"column":0},"end":{"line":4,"column":37}},"5":{"start":{"line":6,"column":0},"end":{"line":6,"column":28}},"7":{"start":{"line":8,"column":0},"end":{"line":8,"column":26}},"8":{"start":{"line":9,"column":0},"end":{"line":9,"column":36}},"10":{"start":{"line":11,"column":0},"end":{"line":11,"column":10}},"11":{"start":{"line":12,"column":0},"end":{"line":12,"column":44}},"12":{"start":{"line":13,"column":0},"end":{"line":13,"column":21}},"13":{"start":{"line":14,"column":0},"end":{"line":14,"column":16}},"14":{"start":{"line":15,"column":0},"end":{"line":15,"column":54}},"15":{"start":{"line":16,"column":0},"end":{"line":16,"column":17}},"16":{"start":{"line":17,"column":0},"end":{"line":17,"column":22}},"17":{"start":{"line":18,"column":0},"end":{"line":18,"column":31}},"19":{"start":{"line":20,"column":0},"end":{"line":20,"column":2}}},"s":{"0":1,"2":1,"3":1,"5":1,"7":1,"8":6,"10":6,"11":6,"12":6,"13":6,"14":6,"15":6,"16":6,"17":6,"19":6},"branchMap":{"0":{"type":"branch","line":8,"loc":{"start":{"line":8,"column":19},"end":{"line":20,"column":2}},"locations":[{"start":{"line":8,"column":19},"end":{"line":20,"column":2}}]}},"b":{"0":[6]},"fnMap":{"0":{"name":"App","decl":{"start":{"line":8,"column":19},"end":{"line":20,"column":2}},"loc":{"start":{"line":8,"column":19},"end":{"line":20,"column":2}},"line":8}},"f":{"0":6}}
,"/Users/ruqayah/Downloads/falaq/falaq-projects/product/client/src/app/product-editor.tsx": {"path":"/Users/ruqayah/Downloads/falaq/falaq-projects/product/client/src/app/product-editor.tsx","all":false,"statementMap":{"0":{"start":{"line":1,"column":0},"end":{"line":1,"column":34}},"1":{"start":{"line":2,"column":0},"end":{"line":2,"column":62}},"2":{"start":{"line":3,"column":0},"end":{"line":3,"column":54}},"3":{"start":{"line":4,"column":0},"end":{"line":4,"column":58}},"5":{"start":{"line":6,"column":0},"end":{"line":6,"column":41}},"6":{"start":{"line":7,"column":0},"end":{"line":7,"column":67}},"7":{"start":{"line":8,"column":0},"end":{"line":8,"column":44}},"9":{"start":{"line":10,"column":0},"end":{"line":10,"column":36}},"10":{"start":{"line":11,"column":0},"end":{"line":11,"column":9}},"11":{"start":{"line":12,"column":0},"end":{"line":12,"column":13}},"12":{"start":{"line":13,"column":0},"end":{"line":13,"column":17}},"13":{"start":{"line":14,"column":0},"end":{"line":14,"column":26}},"14":{"start":{"line":15,"column":0},"end":{"line":15,"column":10}},"15":{"start":{"line":16,"column":0},"end":{"line":16,"column":77}},"17":{"start":{"line":18,"column":0},"end":{"line":18,"column":9}},"18":{"start":{"line":19,"column":0},"end":{"line":19,"column":30}},"19":{"start":{"line":20,"column":0},"end":{"line":20,"column":53}},"20":{"start":{"line":21,"column":0},"end":{"line":21,"column":20}},"22":{"start":{"line":23,"column":0},"end":{"line":23,"column":54}},"24":{"start":{"line":25,"column":0},"end":{"line":25,"column":33}},"26":{"start":{"line":27,"column":0},"end":{"line":27,"column":63}},"27":{"start":{"line":28,"column":0},"end":{"line":28,"column":54}},"28":{"start":{"line":29,"column":0},"end":{"line":29,"column":12}},"29":{"start":{"line":30,"column":0},"end":{"line":30,"column":18}},"30":{"start":{"line":31,"column":0},"end":{"line":31,"column":4}},"32":{"start":{"line":33,"column":0},"end":{"line":33,"column":19}},"33":{"start":{"line":34,"column":0},"end":{"line":34,"column":44}},"35":{"start":{"line":36,"column":0},"end":{"line":36,"column":13}},"36":{"start":{"line":37,"column":0},"end":{"line":37,"column":18}},"37":{"start":{"line":38,"column":0},"end":{"line":38,"column":24}},"38":{"start":{"line":39,"column":0},"end":{"line":39,"column":17}},"39":{"start":{"line":40,"column":0},"end":{"line":40,"column":9}},"40":{"start":{"line":41,"column":0},"end":{"line":41,"column":22}},"42":{"start":{"line":43,"column":0},"end":{"line":43,"column":29}},"44":{"start":{"line":45,"column":0},"end":{"line":45,"column":19}},"45":{"start":{"line":46,"column":0},"end":{"line":46,"column":29}},"46":{"start":{"line":47,"column":0},"end":{"line":47,"column":11}},"48":{"start":{"line":49,"column":0},"end":{"line":49,"column":10}},"49":{"start":{"line":50,"column":0},"end":{"line":50,"column":44}},"50":{"start":{"line":51,"column":0},"end":{"line":51,"column":12}},"51":{"start":{"line":52,"column":0},"end":{"line":52,"column":26}},"52":{"start":{"line":53,"column":0},"end":{"line":53,"column":29}},"53":{"start":{"line":54,"column":0},"end":{"line":54,"column":30}},"54":{"start":{"line":55,"column":0},"end":{"line":55,"column":39}},"55":{"start":{"line":56,"column":0},"end":{"line":56,"column":8}},"56":{"start":{"line":57,"column":0},"end":{"line":57,"column":60}},"57":{"start":{"line":58,"column":0},"end":{"line":58,"column":31}},"58":{"start":{"line":59,"column":0},"end":{"line":59,"column":10}},"59":{"start":{"line":60,"column":0},"end":{"line":60,"column":12}},"60":{"start":{"line":61,"column":0},"end":{"line":61,"column":32}},"61":{"start":{"line":62,"column":0},"end":{"line":62,"column":29}},"62":{"start":{"line":63,"column":0},"end":{"line":63,"column":36}},"63":{"start":{"line":64,"column":0},"end":{"line":64,"column":39}},"64":{"start":{"line":65,"column":0},"end":{"line":65,"column":8}},"65":{"start":{"line":66,"column":0},"end":{"line":66,"column":72}},"66":{"start":{"line":67,"column":0},"end":{"line":67,"column":37}},"67":{"start":{"line":68,"column":0},"end":{"line":68,"column":10}},"68":{"start":{"line":69,"column":0},"end":{"line":69,"column":12}},"69":{"start":{"line":70,"column":0},"end":{"line":70,"column":26}},"70":{"start":{"line":71,"column":0},"end":{"line":71,"column":21}},"71":{"start":{"line":72,"column":0},"end":{"line":72,"column":18}},"72":{"start":{"line":73,"column":0},"end":{"line":73,"column":29}},"73":{"start":{"line":74,"column":0},"end":{"line":74,"column":55}},"74":{"start":{"line":75,"column":0},"end":{"line":75,"column":30}},"75":{"start":{"line":76,"column":0},"end":{"line":76,"column":8}},"76":{"start":{"line":77,"column":0},"end":{"line":77,"column":60}},"77":{"start":{"line":78,"column":0},"end":{"line":78,"column":31}},"78":{"start":{"line":79,"column":0},"end":{"line":79,"column":10}},"79":{"start":{"line":80,"column":0},"end":{"line":80,"column":12}},"80":{"start":{"line":81,"column":0},"end":{"line":81,"column":23}},"81":{"start":{"line":82,"column":0},"end":{"line":82,"column":21}},"82":{"start":{"line":83,"column":0},"end":{"line":83,"column":49}},"83":{"start":{"line":84,"column":0},"end":{"line":84,"column":8}},"84":{"start":{"line":85,"column":0},"end":{"line":85,"column":11}},"86":{"start":{"line":87,"column":0},"end":{"line":87,"column":2}}},"s":{"0":1,"1":1,"2":1,"3":1,"5":1,"6":1,"7":1,"9":1,"10":28,"11":28,"12":28,"13":28,"14":28,"15":28,"17":28,"18":28,"19":28,"20":28,"22":28,"24":28,"26":28,"27":2,"28":2,"29":2,"30":2,"32":28,"33":8,"35":7,"36":7,"37":7,"38":7,"39":7,"40":28,"42":28,"44":28,"45":8,"46":28,"48":28,"49":28,"50":28,"51":28,"52":28,"53":28,"54":28,"55":28,"56":28,"57":28,"58":28,"59":28,"60":28,"61":28,"62":28,"63":28,"64":28,"65":28,"66":28,"67":28,"68":28,"69":28,"70":28,"71":28,"72":28,"73":28,"74":28,"75":28,"76":28,"77":28,"78":28,"79":28,"80":28,"81":28,"82":28,"83":28,"84":28,"86":28},"branchMap":{"0":{"type":"branch","line":10,"loc":{"start":{"line":10,"column":29},"end":{"line":87,"column":2}},"locations":[{"start":{"line":10,"column":29},"end":{"line":87,"column":2}}]},"1":{"type":"branch","line":58,"loc":{"start":{"line":58,"column":16},"end":{"line":58,"column":31}},"locations":[{"start":{"line":58,"column":16},"end":{"line":58,"column":31}}]},"2":{"type":"branch","line":67,"loc":{"start":{"line":67,"column":16},"end":{"line":67,"column":37}},"locations":[{"start":{"line":67,"column":16},"end":{"line":67,"column":37}}]},"3":{"type":"branch","line":78,"loc":{"start":{"line":78,"column":16},"end":{"line":78,"column":31}},"locations":[{"start":{"line":78,"column":16},"end":{"line":78,"column":31}}]},"4":{"type":"branch","line":83,"loc":{"start":{"line":83,"column":15},"end":{"line":83,"column":40}},"locations":[{"start":{"line":83,"column":15},"end":{"line":83,"column":40}}]},"5":{"type":"branch","line":83,"loc":{"start":{"line":83,"column":31},"end":{"line":83,"column":49}},"locations":[{"start":{"line":83,"column":31},"end":{"line":83,"column":49}}]},"6":{"type":"branch","line":27,"loc":{"start":{"line":27,"column":49},"end":{"line":31,"column":4}},"locations":[{"start":{"line":27,"column":49},"end":{"line":31,"column":4}}]},"7":{"type":"branch","line":28,"loc":{"start":{"line":28,"column":33},"end":{"line":28,"column":51}},"locations":[{"start":{"line":28,"column":33},"end":{"line":28,"column":51}}]},"8":{"type":"branch","line":33,"loc":{"start":{"line":33,"column":12},"end":{"line":41,"column":5}},"locations":[{"start":{"line":33,"column":12},"end":{"line":41,"column":5}}]},"9":{"type":"branch","line":34,"loc":{"start":{"line":34,"column":23},"end":{"line":34,"column":44}},"locations":[{"start":{"line":34,"column":23},"end":{"line":34,"column":44}}]},"10":{"type":"branch","line":34,"loc":{"start":{"line":34,"column":42},"end":{"line":40,"column":9}},"locations":[{"start":{"line":34,"column":42},"end":{"line":40,"column":9}}]},"11":{"type":"branch","line":45,"loc":{"start":{"line":45,"column":12},"end":{"line":47,"column":5}},"locations":[{"start":{"line":45,"column":12},"end":{"line":47,"column":5}}]}},"b":{"0":[28],"1":[1],"2":[1],"3":[1],"4":[4],"5":[24],"6":[2],"7":[1],"8":[8],"9":[1],"10":[7],"11":[8]},"fnMap":{"0":{"name":"ProductEditor","decl":{"start":{"line":10,"column":29},"end":{"line":87,"column":2}},"loc":{"start":{"line":10,"column":29},"end":{"line":87,"column":2}},"line":10},"1":{"name":"onSubmit","decl":{"start":{"line":27,"column":49},"end":{"line":31,"column":4}},"loc":{"start":{"line":27,"column":49},"end":{"line":31,"column":4}},"line":27}},"f":{"0":28,"1":2}}
,"/Users/ruqayah/Downloads/falaq/falaq-projects/product/client/src/types/index.ts": {"path":"/Users/ruqayah/Downloads/falaq/falaq-projects/product/client/src/types/index.ts","all":false,"statementMap":{"0":{"start":{"line":1,"column":0},"end":{"line":1,"column":27}}},"s":{"0":1},"branchMap":{},"b":{},"fnMap":{},"f":{}}
,"/Users/ruqayah/Downloads/falaq/falaq-projects/product/client/src/types/products.ts": {"path":"/Users/ruqayah/Downloads/falaq/falaq-projects/product/client/src/types/products.ts","all":false,"statementMap":{"0":{"start":{"line":1,"column":0},"end":{"line":1,"column":24}},"2":{"start":{"line":3,"column":0},"end":{"line":3,"column":32}},"3":{"start":{"line":4,"column":0},"end":{"line":4,"column":17}},"4":{"start":{"line":5,"column":0},"end":{"line":5,"column":20}},"5":{"start":{"line":6,"column":0},"end":{"line":6,"column":26}},"6":{"start":{"line":7,"column":0},"end":{"line":7,"column":20}},"7":{"start":{"line":8,"column":0},"end":{"line":8,"column":3}},"11":{"start":{"line":12,"column":0},"end":{"line":12,"column":61}},"15":{"start":{"line":16,"column":0},"end":{"line":16,"column":51}},"19":{"start":{"line":20,"column":0},"end":{"line":20,"column":45}},"20":{"start":{"line":21,"column":0},"end":{"line":21,"column":27}},"21":{"start":{"line":22,"column":0},"end":{"line":22,"column":33}},"22":{"start":{"line":23,"column":0},"end":{"line":23,"column":29}},"23":{"start":{"line":24,"column":0},"end":{"line":24,"column":3}}},"s":{"0":1,"2":1,"3":1,"4":1,"5":1,"6":1,"7":1,"11":1,"15":1,"19":1,"20":1,"21":1,"22":1,"23":1},"branchMap":{},"b":{},"fnMap":{},"f":{}}
,"/Users/ruqayah/Downloads/falaq/falaq-projects/product/client/src/utils/index.ts": {"path":"/Users/ruqayah/Downloads/falaq/falaq-projects/product/client/src/utils/index.ts","all":false,"statementMap":{"0":{"start":{"line":1,"column":0},"end":{"line":1,"column":34}},"1":{"start":{"line":2,"column":0},"end":{"line":2,"column":44}},"8":{"start":{"line":9,"column":0},"end":{"line":9,"column":36}},"9":{"start":{"line":10,"column":0},"end":{"line":10,"column":30}},"10":{"start":{"line":11,"column":0},"end":{"line":11,"column":19}},"11":{"start":{"line":12,"column":0},"end":{"line":12,"column":2}},"12":{"start":{"line":13,"column":0},"end":{"line":13,"column":54}},"13":{"start":{"line":14,"column":0},"end":{"line":14,"column":1}},"15":{"start":{"line":16,"column":0},"end":{"line":16,"column":34}},"16":{"start":{"line":17,"column":0},"end":{"line":17,"column":15}},"17":{"start":{"line":18,"column":0},"end":{"line":18,"column":17}},"18":{"start":{"line":19,"column":0},"end":{"line":19,"column":25}},"19":{"start":{"line":20,"column":0},"end":{"line":20,"column":61}},"21":{"start":{"line":22,"column":0},"end":{"line":22,"column":20}},"22":{"start":{"line":23,"column":0},"end":{"line":23,"column":51}},"24":{"start":{"line":25,"column":0},"end":{"line":25,"column":39}},"25":{"start":{"line":26,"column":0},"end":{"line":26,"column":21}},"27":{"start":{"line":28,"column":0},"end":{"line":28,"column":17}},"28":{"start":{"line":29,"column":0},"end":{"line":29,"column":1}}},"s":{"0":1,"1":1,"8":1,"9":18,"10":18,"11":18,"12":18,"13":18,"15":1,"16":43,"17":43,"18":43,"19":43,"21":43,"22":12,"24":12,"25":43,"27":43,"28":43},"branchMap":{"0":{"type":"branch","line":9,"loc":{"start":{"line":9,"column":7},"end":{"line":14,"column":1}},"locations":[{"start":{"line":9,"column":7},"end":{"line":14,"column":1}}]},"1":{"type":"branch","line":16,"loc":{"start":{"line":16,"column":7},"end":{"line":29,"column":1}},"locations":[{"start":{"line":16,"column":7},"end":{"line":29,"column":1}}]},"2":{"type":"branch","line":20,"loc":{"start":{"line":20,"column":42},"end":{"line":20,"column":59}},"locations":[{"start":{"line":20,"column":42},"end":{"line":20,"column":59}}]},"3":{"type":"branch","line":22,"loc":{"start":{"line":22,"column":14},"end":{"line":26,"column":7}},"locations":[{"start":{"line":22,"column":14},"end":{"line":26,"column":7}}]},"4":{"type":"branch","line":25,"loc":{"start":{"line":25,"column":15},"end":{"line":25,"column":39}},"locations":[{"start":{"line":25,"column":15},"end":{"line":25,"column":39}}]}},"b":{"0":[18],"1":[43],"2":[12],"3":[12],"4":[12]},"fnMap":{"0":{"name":"withInitialValue","decl":{"start":{"line":9,"column":7},"end":{"line":14,"column":1}},"loc":{"start":{"line":9,"column":7},"end":{"line":14,"column":1}},"line":9},"1":{"name":"useObservable","decl":{"start":{"line":16,"column":7},"end":{"line":29,"column":1}},"loc":{"start":{"line":16,"column":7},"end":{"line":29,"column":1}},"line":16}},"f":{"0":18,"1":43}}
}
