{"/Users/ruqayah/Downloads/falaq/falaq-projects/registeration/server/src/app.controller.ts": {"path":"/Users/ruqayah/Downloads/falaq/falaq-projects/registeration/server/src/app.controller.ts","all":true,"statementMap":{"0":{"start":{"line":1,"column":0},"end":{"line":1,"column":52}},"1":{"start":{"line":2,"column":0},"end":{"line":2,"column":46}},"3":{"start":{"line":4,"column":0},"end":{"line":4,"column":16}},"4":{"start":{"line":5,"column":0},"end":{"line":5,"column":31}},"5":{"start":{"line":6,"column":0},"end":{"line":6,"column":60}},"7":{"start":{"line":8,"column":0},"end":{"line":8,"column":11}},"8":{"start":{"line":9,"column":0},"end":{"line":9,"column":25}},"9":{"start":{"line":10,"column":0},"end":{"line":10,"column":41}},"10":{"start":{"line":11,"column":0},"end":{"line":11,"column":6}},"11":{"start":{"line":12,"column":0},"end":{"line":12,"column":4}}},"s":{"0":0,"1":0,"3":0,"4":0,"5":0,"7":0,"8":0,"9":0,"10":0,"11":0},"branchMap":{"0":{"type":"branch","line":1,"loc":{"start":{"line":1,"column":303},"end":{"line":12,"column":4}},"locations":[{"start":{"line":1,"column":303},"end":{"line":12,"column":4}}]}},"b":{"0":[0]},"fnMap":{"0":{"name":"(empty-report)","decl":{"start":{"line":1,"column":303},"end":{"line":12,"column":4}},"loc":{"start":{"line":1,"column":303},"end":{"line":12,"column":4}},"line":1}},"f":{"0":0}}
,"/Users/ruqayah/Downloads/falaq/falaq-projects/registeration/server/src/app.module.ts": {"path":"/Users/ruqayah/Downloads/falaq/falaq-projects/registeration/server/src/app.module.ts","all":true,"statementMap":{"0":{"start":{"line":1,"column":0},"end":{"line":1,"column":43}},"1":{"start":{"line":2,"column":0},"end":{"line":2,"column":52}},"2":{"start":{"line":3,"column":0},"end":{"line":3,"column":46}},"4":{"start":{"line":5,"column":0},"end":{"line":5,"column":12}},"5":{"start":{"line":6,"column":0},"end":{"line":6,"column":17}},"6":{"start":{"line":7,"column":0},"end":{"line":7,"column":34}},"7":{"start":{"line":8,"column":0},"end":{"line":8,"column":29}},"8":{"start":{"line":9,"column":0},"end":{"line":9,"column":5}},"9":{"start":{"line":10,"column":0},"end":{"line":10,"column":28}}},"s":{"0":0,"1":0,"2":0,"4":0,"5":0,"6":0,"7":0,"8":0,"9":0},"branchMap":{"0":{"type":"branch","line":1,"loc":{"start":{"line":1,"column":275},"end":{"line":10,"column":28}},"locations":[{"start":{"line":1,"column":275},"end":{"line":10,"column":28}}]}},"b":{"0":[0]},"fnMap":{"0":{"name":"(empty-report)","decl":{"start":{"line":1,"column":275},"end":{"line":10,"column":28}},"loc":{"start":{"line":1,"column":275},"end":{"line":10,"column":28}},"line":1}},"f":{"0":0}}
,"/Users/ruqayah/Downloads/falaq/falaq-projects/registeration/server/src/app.service.ts": {"path":"/Users/ruqayah/Downloads/falaq/falaq-projects/registeration/server/src/app.service.ts","all":true,"statementMap":{"0":{"start":{"line":1,"column":0},"end":{"line":1,"column":47}},"2":{"start":{"line":3,"column":0},"end":{"line":3,"column":16}},"3":{"start":{"line":4,"column":0},"end":{"line":4,"column":28}},"4":{"start":{"line":5,"column":0},"end":{"line":5,"column":25}},"5":{"start":{"line":6,"column":0},"end":{"line":6,"column":29}},"6":{"start":{"line":7,"column":0},"end":{"line":7,"column":6}},"7":{"start":{"line":8,"column":0},"end":{"line":8,"column":4}}},"s":{"0":0,"2":0,"3":0,"4":0,"5":0,"6":0,"7":0},"branchMap":{"0":{"type":"branch","line":1,"loc":{"start":{"line":1,"column":162},"end":{"line":8,"column":4}},"locations":[{"start":{"line":1,"column":162},"end":{"line":8,"column":4}}]}},"b":{"0":[0]},"fnMap":{"0":{"name":"(empty-report)","decl":{"start":{"line":1,"column":162},"end":{"line":8,"column":4}},"loc":{"start":{"line":1,"column":162},"end":{"line":8,"column":4}},"line":1}},"f":{"0":0}}
,"/Users/ruqayah/Downloads/falaq/falaq-projects/registeration/server/src/main.ts": {"path":"/Users/ruqayah/Downloads/falaq/falaq-projects/registeration/server/src/main.ts","all":true,"statementMap":{"0":{"start":{"line":1,"column":0},"end":{"line":1,"column":46}},"1":{"start":{"line":2,"column":0},"end":{"line":2,"column":44}},"3":{"start":{"line":4,"column":0},"end":{"line":4,"column":31}},"4":{"start":{"line":5,"column":0},"end":{"line":5,"column":53}},"5":{"start":{"line":6,"column":0},"end":{"line":6,"column":48}},"6":{"start":{"line":7,"column":0},"end":{"line":7,"column":4}},"7":{"start":{"line":8,"column":0},"end":{"line":8,"column":15}}},"s":{"0":0,"1":0,"3":0,"4":0,"5":0,"6":0,"7":0},"branchMap":{"0":{"type":"branch","line":1,"loc":{"start":{"line":1,"column":248},"end":{"line":8,"column":15}},"locations":[{"start":{"line":1,"column":248},"end":{"line":8,"column":15}}]}},"b":{"0":[0]},"fnMap":{"0":{"name":"(empty-report)","decl":{"start":{"line":1,"column":248},"end":{"line":8,"column":15}},"loc":{"start":{"line":1,"column":248},"end":{"line":8,"column":15}},"line":1}},"f":{"0":0}}
,"/Users/ruqayah/Downloads/falaq/falaq-projects/registeration/src/app/app.context.tsx": {"path":"/Users/ruqayah/Downloads/falaq/falaq-projects/registeration/src/app/app.context.tsx","all":false,"statementMap":{"0":{"start":{"line":1,"column":0},"end":{"line":1,"column":58}},"2":{"start":{"line":3,"column":0},"end":{"line":3,"column":46}},"5":{"start":{"line":6,"column":0},"end":{"line":6,"column":62}},"7":{"start":{"line":8,"column":0},"end":{"line":8,"column":31}},"8":{"start":{"line":9,"column":0},"end":{"line":9,"column":37}},"9":{"start":{"line":10,"column":0},"end":{"line":10,"column":1}},"11":{"start":{"line":12,"column":0},"end":{"line":12,"column":37}},"12":{"start":{"line":13,"column":0},"end":{"line":13,"column":50}},"13":{"start":{"line":14,"column":0},"end":{"line":14,"column":34}},"14":{"start":{"line":15,"column":0},"end":{"line":15,"column":41}},"15":{"start":{"line":16,"column":0},"end":{"line":16,"column":3}},"17":{"start":{"line":18,"column":0},"end":{"line":18,"column":33}},"19":{"start":{"line":20,"column":0},"end":{"line":20,"column":15}},"20":{"start":{"line":21,"column":0},"end":{"line":21,"column":1}}},"s":{"0":1,"2":1,"5":1,"7":1,"8":6,"9":6,"11":1,"12":2,"13":2,"14":2,"15":2,"17":2,"19":2,"20":2},"branchMap":{"0":{"type":"branch","line":8,"loc":{"start":{"line":8,"column":7},"end":{"line":10,"column":1}},"locations":[{"start":{"line":8,"column":7},"end":{"line":10,"column":1}}]},"1":{"type":"branch","line":12,"loc":{"start":{"line":12,"column":7},"end":{"line":21,"column":1}},"locations":[{"start":{"line":12,"column":7},"end":{"line":21,"column":1}}]}},"b":{"0":[6],"1":[2]},"fnMap":{"0":{"name":"useAppStore","decl":{"start":{"line":8,"column":7},"end":{"line":10,"column":1}},"loc":{"start":{"line":8,"column":7},"end":{"line":10,"column":1}},"line":8},"1":{"name":"useCreateAppStore","decl":{"start":{"line":12,"column":7},"end":{"line":21,"column":1}},"loc":{"start":{"line":12,"column":7},"end":{"line":21,"column":1}},"line":12}},"f":{"0":6,"1":2}}
,"/Users/ruqayah/Downloads/falaq/falaq-projects/registeration/src/app/app.store.tsx": {"path":"/Users/ruqayah/Downloads/falaq/falaq-projects/registeration/src/app/app.store.tsx","all":false,"statementMap":{"0":{"start":{"line":1,"column":0},"end":{"line":1,"column":50}},"1":{"start":{"line":2,"column":0},"end":{"line":2,"column":44}},"3":{"start":{"line":4,"column":0},"end":{"line":4,"column":38}},"4":{"start":{"line":5,"column":0},"end":{"line":5,"column":41}},"6":{"start":{"line":7,"column":0},"end":{"line":7,"column":31}},"7":{"start":{"line":8,"column":0},"end":{"line":8,"column":65}},"8":{"start":{"line":9,"column":0},"end":{"line":9,"column":17}},"9":{"start":{"line":10,"column":0},"end":{"line":10,"column":4}},"11":{"start":{"line":12,"column":0},"end":{"line":12,"column":10}},"12":{"start":{"line":13,"column":0},"end":{"line":13,"column":12}},"13":{"start":{"line":14,"column":0},"end":{"line":14,"column":43}},"14":{"start":{"line":15,"column":0},"end":{"line":15,"column":6}},"15":{"start":{"line":16,"column":0},"end":{"line":16,"column":14}},"16":{"start":{"line":17,"column":0},"end":{"line":17,"column":53}},"17":{"start":{"line":18,"column":0},"end":{"line":18,"column":6}},"18":{"start":{"line":19,"column":0},"end":{"line":19,"column":4}},"19":{"start":{"line":20,"column":0},"end":{"line":20,"column":2}}},"s":{"0":1,"1":1,"3":1,"4":2,"6":2,"7":2,"8":2,"9":2,"11":2,"12":2,"13":2,"14":2,"15":2,"16":2,"17":2,"18":2,"19":2},"branchMap":{"0":{"type":"branch","line":4,"loc":{"start":{"line":4,"column":31},"end":{"line":20,"column":2}},"locations":[{"start":{"line":4,"column":31},"end":{"line":20,"column":2}}]}},"b":{"0":[2]},"fnMap":{"0":{"name":"createToDoStore","decl":{"start":{"line":4,"column":31},"end":{"line":20,"column":2}},"loc":{"start":{"line":4,"column":31},"end":{"line":20,"column":2}},"line":4},"1":{"name":"addItem","decl":{"start":{"line":17,"column":15},"end":{"line":17,"column":53}},"loc":{"start":{"line":17,"column":15},"end":{"line":17,"column":53}},"line":17}},"f":{"0":2,"1":0}}
,"/Users/ruqayah/Downloads/falaq/falaq-projects/registeration/src/app/app.view.tsx": {"path":"/Users/ruqayah/Downloads/falaq/falaq-projects/registeration/src/app/app.view.tsx","all":false,"statementMap":{"0":{"start":{"line":1,"column":0},"end":{"line":1,"column":62}},"1":{"start":{"line":2,"column":0},"end":{"line":2,"column":54}},"3":{"start":{"line":4,"column":0},"end":{"line":4,"column":44}},"4":{"start":{"line":5,"column":0},"end":{"line":5,"column":41}},"5":{"start":{"line":6,"column":0},"end":{"line":6,"column":28}},"6":{"start":{"line":7,"column":0},"end":{"line":7,"column":25}},"8":{"start":{"line":9,"column":0},"end":{"line":9,"column":31}},"9":{"start":{"line":10,"column":0},"end":{"line":10,"column":39}},"10":{"start":{"line":11,"column":0},"end":{"line":11,"column":38}},"11":{"start":{"line":12,"column":0},"end":{"line":12,"column":19}},"12":{"start":{"line":13,"column":0},"end":{"line":13,"column":30}},"13":{"start":{"line":14,"column":0},"end":{"line":14,"column":3}},"17":{"start":{"line":18,"column":0},"end":{"line":18,"column":35}},"18":{"start":{"line":19,"column":0},"end":{"line":19,"column":9}},"19":{"start":{"line":20,"column":0},"end":{"line":20,"column":13}},"20":{"start":{"line":21,"column":0},"end":{"line":21,"column":17}},"21":{"start":{"line":22,"column":0},"end":{"line":22,"column":10}},"22":{"start":{"line":23,"column":0},"end":{"line":23,"column":26}},"23":{"start":{"line":24,"column":0},"end":{"line":24,"column":63}},"25":{"start":{"line":26,"column":0},"end":{"line":26,"column":9}},"26":{"start":{"line":27,"column":0},"end":{"line":27,"column":22}},"27":{"start":{"line":28,"column":0},"end":{"line":28,"column":25}},"28":{"start":{"line":29,"column":0},"end":{"line":29,"column":20}},"30":{"start":{"line":31,"column":0},"end":{"line":31,"column":46}},"32":{"start":{"line":33,"column":0},"end":{"line":33,"column":53}},"33":{"start":{"line":34,"column":0},"end":{"line":34,"column":28}},"34":{"start":{"line":35,"column":0},"end":{"line":35,"column":27}},"35":{"start":{"line":36,"column":0},"end":{"line":36,"column":24}},"36":{"start":{"line":37,"column":0},"end":{"line":37,"column":27}},"37":{"start":{"line":38,"column":0},"end":{"line":38,"column":12}},"39":{"start":{"line":40,"column":0},"end":{"line":40,"column":4}},"41":{"start":{"line":42,"column":0},"end":{"line":42,"column":29}},"43":{"start":{"line":44,"column":0},"end":{"line":44,"column":10}},"44":{"start":{"line":45,"column":0},"end":{"line":45,"column":9}},"45":{"start":{"line":46,"column":0},"end":{"line":46,"column":46}},"46":{"start":{"line":47,"column":0},"end":{"line":47,"column":14}},"47":{"start":{"line":48,"column":0},"end":{"line":48,"column":32}},"48":{"start":{"line":49,"column":0},"end":{"line":49,"column":31}},"49":{"start":{"line":50,"column":0},"end":{"line":50,"column":36}},"50":{"start":{"line":51,"column":0},"end":{"line":51,"column":41}},"51":{"start":{"line":52,"column":0},"end":{"line":52,"column":10}},"52":{"start":{"line":53,"column":0},"end":{"line":53,"column":42}},"53":{"start":{"line":54,"column":0},"end":{"line":54,"column":14}},"54":{"start":{"line":55,"column":0},"end":{"line":55,"column":31}},"55":{"start":{"line":56,"column":0},"end":{"line":56,"column":35}},"56":{"start":{"line":57,"column":0},"end":{"line":57,"column":41}},"57":{"start":{"line":58,"column":0},"end":{"line":58,"column":10}},"58":{"start":{"line":59,"column":0},"end":{"line":59,"column":41}},"59":{"start":{"line":60,"column":0},"end":{"line":60,"column":14}},"60":{"start":{"line":61,"column":0},"end":{"line":61,"column":31}},"61":{"start":{"line":62,"column":0},"end":{"line":62,"column":32}},"62":{"start":{"line":63,"column":0},"end":{"line":63,"column":41}},"63":{"start":{"line":64,"column":0},"end":{"line":64,"column":10}},"64":{"start":{"line":65,"column":0},"end":{"line":65,"column":38}},"65":{"start":{"line":66,"column":0},"end":{"line":66,"column":14}},"66":{"start":{"line":67,"column":0},"end":{"line":67,"column":31}},"67":{"start":{"line":68,"column":0},"end":{"line":68,"column":35}},"68":{"start":{"line":69,"column":0},"end":{"line":69,"column":41}},"69":{"start":{"line":70,"column":0},"end":{"line":70,"column":10}},"70":{"start":{"line":71,"column":0},"end":{"line":71,"column":41}},"72":{"start":{"line":73,"column":0},"end":{"line":73,"column":47}},"80":{"start":{"line":81,"column":0},"end":{"line":81,"column":13}},"81":{"start":{"line":82,"column":0},"end":{"line":82,"column":10}},"83":{"start":{"line":84,"column":0},"end":{"line":84,"column":1}}},"s":{"0":1,"1":1,"3":1,"4":1,"5":1,"6":1,"8":1,"9":1,"10":1,"11":1,"12":1,"13":1,"17":6,"18":6,"19":6,"20":6,"21":6,"22":6,"23":6,"25":6,"26":6,"27":6,"28":6,"30":6,"32":6,"33":0,"34":0,"35":0,"36":0,"37":0,"39":0,"41":6,"43":6,"44":6,"45":6,"46":6,"47":6,"48":6,"49":6,"50":6,"51":6,"52":6,"53":6,"54":6,"55":6,"56":6,"57":6,"58":6,"59":6,"60":6,"61":6,"62":6,"63":6,"64":6,"65":6,"66":6,"67":6,"68":6,"69":6,"70":6,"72":6,"80":6,"81":6,"83":6},"branchMap":{"0":{"type":"branch","line":18,"loc":{"start":{"line":18,"column":0},"end":{"line":84,"column":1}},"locations":[{"start":{"line":18,"column":0},"end":{"line":84,"column":1}}]},"1":{"type":"branch","line":53,"loc":{"start":{"line":53,"column":19},"end":{"line":53,"column":38}},"locations":[{"start":{"line":53,"column":19},"end":{"line":53,"column":38}}]},"2":{"type":"branch","line":59,"loc":{"start":{"line":59,"column":19},"end":{"line":59,"column":37}},"locations":[{"start":{"line":59,"column":19},"end":{"line":59,"column":37}}]},"3":{"type":"branch","line":65,"loc":{"start":{"line":65,"column":19},"end":{"line":65,"column":34}},"locations":[{"start":{"line":65,"column":19},"end":{"line":65,"column":34}}]},"4":{"type":"branch","line":71,"loc":{"start":{"line":71,"column":19},"end":{"line":71,"column":37}},"locations":[{"start":{"line":71,"column":19},"end":{"line":71,"column":37}}]}},"b":{"0":[6],"1":[1],"2":[2],"3":[2],"4":[2]},"fnMap":{"0":{"name":"AppView","decl":{"start":{"line":18,"column":0},"end":{"line":84,"column":1}},"loc":{"start":{"line":18,"column":0},"end":{"line":84,"column":1}},"line":18},"1":{"name":"onSubmit","decl":{"start":{"line":33,"column":42},"end":{"line":40,"column":4}},"loc":{"start":{"line":33,"column":42},"end":{"line":40,"column":4}},"line":33}},"f":{"0":6,"1":0}}
,"/Users/ruqayah/Downloads/falaq/falaq-projects/registeration/src/app/index.tsx": {"path":"/Users/ruqayah/Downloads/falaq/falaq-projects/registeration/src/app/index.tsx","all":false,"statementMap":{"0":{"start":{"line":1,"column":0},"end":{"line":1,"column":67}},"1":{"start":{"line":2,"column":0},"end":{"line":2,"column":33}},"3":{"start":{"line":4,"column":0},"end":{"line":4,"column":26}},"4":{"start":{"line":5,"column":0},"end":{"line":5,"column":36}},"5":{"start":{"line":6,"column":0},"end":{"line":6,"column":10}},"6":{"start":{"line":7,"column":0},"end":{"line":7,"column":44}},"7":{"start":{"line":8,"column":0},"end":{"line":8,"column":17}},"8":{"start":{"line":9,"column":0},"end":{"line":9,"column":31}},"10":{"start":{"line":11,"column":0},"end":{"line":11,"column":2}}},"s":{"0":1,"1":1,"3":1,"4":2,"5":2,"6":2,"7":2,"8":2,"10":2},"branchMap":{"0":{"type":"branch","line":4,"loc":{"start":{"line":4,"column":19},"end":{"line":11,"column":2}},"locations":[{"start":{"line":4,"column":19},"end":{"line":11,"column":2}}]}},"b":{"0":[2]},"fnMap":{"0":{"name":"App","decl":{"start":{"line":4,"column":19},"end":{"line":11,"column":2}},"loc":{"start":{"line":4,"column":19},"end":{"line":11,"column":2}},"line":4}},"f":{"0":2}}
,"/Users/ruqayah/Downloads/falaq/falaq-projects/registeration/src/utils/index.ts": {"path":"/Users/ruqayah/Downloads/falaq/falaq-projects/registeration/src/utils/index.ts","all":false,"statementMap":{"0":{"start":{"line":1,"column":0},"end":{"line":1,"column":34}},"1":{"start":{"line":2,"column":0},"end":{"line":2,"column":44}},"8":{"start":{"line":9,"column":0},"end":{"line":9,"column":36}},"9":{"start":{"line":10,"column":0},"end":{"line":10,"column":30}},"10":{"start":{"line":11,"column":0},"end":{"line":11,"column":19}},"11":{"start":{"line":12,"column":0},"end":{"line":12,"column":2}},"12":{"start":{"line":13,"column":0},"end":{"line":13,"column":54}},"13":{"start":{"line":14,"column":0},"end":{"line":14,"column":1}},"15":{"start":{"line":16,"column":0},"end":{"line":16,"column":34}},"16":{"start":{"line":17,"column":0},"end":{"line":17,"column":15}},"17":{"start":{"line":18,"column":0},"end":{"line":18,"column":17}},"18":{"start":{"line":19,"column":0},"end":{"line":19,"column":25}},"19":{"start":{"line":20,"column":0},"end":{"line":20,"column":61}},"21":{"start":{"line":22,"column":0},"end":{"line":22,"column":20}},"22":{"start":{"line":23,"column":0},"end":{"line":23,"column":51}},"24":{"start":{"line":25,"column":0},"end":{"line":25,"column":39}},"25":{"start":{"line":26,"column":0},"end":{"line":26,"column":21}},"27":{"start":{"line":28,"column":0},"end":{"line":28,"column":17}},"28":{"start":{"line":29,"column":0},"end":{"line":29,"column":1}}},"s":{"0":1,"1":1,"8":1,"9":2,"10":2,"11":2,"12":2,"13":2,"15":1,"16":6,"17":6,"18":6,"19":6,"21":6,"22":2,"24":2,"25":6,"27":6,"28":6},"branchMap":{"0":{"type":"branch","line":9,"loc":{"start":{"line":9,"column":7},"end":{"line":14,"column":1}},"locations":[{"start":{"line":9,"column":7},"end":{"line":14,"column":1}}]},"1":{"type":"branch","line":16,"loc":{"start":{"line":16,"column":7},"end":{"line":29,"column":1}},"locations":[{"start":{"line":16,"column":7},"end":{"line":29,"column":1}}]},"2":{"type":"branch","line":20,"loc":{"start":{"line":20,"column":42},"end":{"line":20,"column":59}},"locations":[{"start":{"line":20,"column":42},"end":{"line":20,"column":59}}]},"3":{"type":"branch","line":22,"loc":{"start":{"line":22,"column":14},"end":{"line":26,"column":7}},"locations":[{"start":{"line":22,"column":14},"end":{"line":26,"column":7}}]},"4":{"type":"branch","line":25,"loc":{"start":{"line":25,"column":15},"end":{"line":25,"column":39}},"locations":[{"start":{"line":25,"column":15},"end":{"line":25,"column":39}}]}},"b":{"0":[2],"1":[6],"2":[2],"3":[2],"4":[2]},"fnMap":{"0":{"name":"withInitialValue","decl":{"start":{"line":9,"column":7},"end":{"line":14,"column":1}},"loc":{"start":{"line":9,"column":7},"end":{"line":14,"column":1}},"line":9},"1":{"name":"useObservable","decl":{"start":{"line":16,"column":7},"end":{"line":29,"column":1}},"loc":{"start":{"line":16,"column":7},"end":{"line":29,"column":1}},"line":16}},"f":{"0":2,"1":6}}
}
