{"/Users/ruqayah/Downloads/falaq/falaq-projects/day_Counter/src/app/app.context.tsx": {"path":"/Users/ruqayah/Downloads/falaq/falaq-projects/day_Counter/src/app/app.context.tsx","all":false,"statementMap":{"0":{"start":{"line":1,"column":0},"end":{"line":1,"column":59}},"1":{"start":{"line":2,"column":0},"end":{"line":2,"column":52}},"5":{"start":{"line":6,"column":0},"end":{"line":6,"column":61}},"7":{"start":{"line":8,"column":0},"end":{"line":8,"column":31}},"8":{"start":{"line":9,"column":0},"end":{"line":9,"column":39}},"9":{"start":{"line":10,"column":0},"end":{"line":10,"column":1}},"11":{"start":{"line":12,"column":0},"end":{"line":12,"column":37}},"12":{"start":{"line":13,"column":0},"end":{"line":13,"column":49}},"13":{"start":{"line":14,"column":0},"end":{"line":14,"column":32}},"14":{"start":{"line":15,"column":0},"end":{"line":15,"column":49}},"15":{"start":{"line":16,"column":0},"end":{"line":16,"column":5}},"16":{"start":{"line":17,"column":0},"end":{"line":17,"column":30}},"18":{"start":{"line":19,"column":0},"end":{"line":19,"column":15}},"19":{"start":{"line":20,"column":0},"end":{"line":20,"column":1}}},"s":{"0":1,"1":1,"5":1,"7":1,"8":4,"9":4,"11":1,"12":2,"13":2,"14":2,"15":2,"16":2,"18":2,"19":2},"branchMap":{"0":{"type":"branch","line":8,"loc":{"start":{"line":8,"column":7},"end":{"line":10,"column":1}},"locations":[{"start":{"line":8,"column":7},"end":{"line":10,"column":1}}]},"1":{"type":"branch","line":12,"loc":{"start":{"line":12,"column":7},"end":{"line":20,"column":1}},"locations":[{"start":{"line":12,"column":7},"end":{"line":20,"column":1}}]}},"b":{"0":[4],"1":[2]},"fnMap":{"0":{"name":"useDayStore","decl":{"start":{"line":8,"column":7},"end":{"line":10,"column":1}},"loc":{"start":{"line":8,"column":7},"end":{"line":10,"column":1}},"line":8},"1":{"name":"useCreateDayStore","decl":{"start":{"line":12,"column":7},"end":{"line":20,"column":1}},"loc":{"start":{"line":12,"column":7},"end":{"line":20,"column":1}},"line":12}},"f":{"0":4,"1":2}}
,"/Users/ruqayah/Downloads/falaq/falaq-projects/day_Counter/src/app/app.store.tsx": {"path":"/Users/ruqayah/Downloads/falaq/falaq-projects/day_Counter/src/app/app.store.tsx","all":false,"statementMap":{"1":{"start":{"line":2,"column":0},"end":{"line":2,"column":64}},"2":{"start":{"line":3,"column":0},"end":{"line":3,"column":44}},"5":{"start":{"line":6,"column":0},"end":{"line":6,"column":44}},"6":{"start":{"line":7,"column":0},"end":{"line":7,"column":53}},"8":{"start":{"line":9,"column":0},"end":{"line":9,"column":37}},"11":{"start":{"line":12,"column":0},"end":{"line":12,"column":74}},"12":{"start":{"line":13,"column":0},"end":{"line":13,"column":22}},"13":{"start":{"line":14,"column":0},"end":{"line":14,"column":6}},"14":{"start":{"line":15,"column":0},"end":{"line":15,"column":11}},"15":{"start":{"line":16,"column":0},"end":{"line":16,"column":16}},"16":{"start":{"line":17,"column":0},"end":{"line":17,"column":57}},"17":{"start":{"line":18,"column":0},"end":{"line":18,"column":10}},"18":{"start":{"line":19,"column":0},"end":{"line":19,"column":18}},"19":{"start":{"line":20,"column":0},"end":{"line":20,"column":61}},"20":{"start":{"line":21,"column":0},"end":{"line":21,"column":10}},"21":{"start":{"line":22,"column":0},"end":{"line":22,"column":6}},"22":{"start":{"line":23,"column":0},"end":{"line":23,"column":2}}},"s":{"1":1,"2":1,"5":1,"6":2,"8":2,"11":2,"12":2,"13":2,"14":2,"15":2,"16":2,"17":2,"18":2,"19":2,"20":2,"21":2,"22":2},"branchMap":{"0":{"type":"branch","line":6,"loc":{"start":{"line":6,"column":37},"end":{"line":23,"column":2}},"locations":[{"start":{"line":6,"column":37},"end":{"line":23,"column":2}}]},"1":{"type":"branch","line":12,"loc":{"start":{"line":12,"column":39},"end":{"line":12,"column":68}},"locations":[{"start":{"line":12,"column":39},"end":{"line":12,"column":68}}]},"2":{"type":"branch","line":20,"loc":{"start":{"line":20,"column":21},"end":{"line":20,"column":61}},"locations":[{"start":{"line":20,"column":21},"end":{"line":20,"column":61}}]}},"b":{"0":[2],"1":[2],"2":[2]},"fnMap":{"0":{"name":"CreateDayCounterStore","decl":{"start":{"line":6,"column":37},"end":{"line":23,"column":2}},"loc":{"start":{"line":6,"column":37},"end":{"line":23,"column":2}},"line":6},"1":{"name":"setDate","decl":{"start":{"line":20,"column":21},"end":{"line":20,"column":61}},"loc":{"start":{"line":20,"column":21},"end":{"line":20,"column":61}},"line":20}},"f":{"0":2,"1":2}}
,"/Users/ruqayah/Downloads/falaq/falaq-projects/day_Counter/src/app/app.view.tsx": {"path":"/Users/ruqayah/Downloads/falaq/falaq-projects/day_Counter/src/app/app.view.tsx","all":false,"statementMap":{"41":{"start":{"line":42,"column":0},"end":{"line":42,"column":44}},"42":{"start":{"line":43,"column":0},"end":{"line":43,"column":41}},"44":{"start":{"line":45,"column":0},"end":{"line":45,"column":30}},"45":{"start":{"line":46,"column":0},"end":{"line":46,"column":9}},"46":{"start":{"line":47,"column":0},"end":{"line":47,"column":29}},"47":{"start":{"line":48,"column":0},"end":{"line":48,"column":25}},"48":{"start":{"line":49,"column":0},"end":{"line":49,"column":20}},"49":{"start":{"line":50,"column":0},"end":{"line":50,"column":56}},"51":{"start":{"line":52,"column":0},"end":{"line":52,"column":38}},"52":{"start":{"line":53,"column":0},"end":{"line":53,"column":27}},"53":{"start":{"line":54,"column":0},"end":{"line":54,"column":73}},"54":{"start":{"line":55,"column":0},"end":{"line":55,"column":65}},"55":{"start":{"line":56,"column":0},"end":{"line":56,"column":4}},"57":{"start":{"line":58,"column":0},"end":{"line":58,"column":40}},"58":{"start":{"line":59,"column":0},"end":{"line":59,"column":29}},"60":{"start":{"line":61,"column":0},"end":{"line":61,"column":31}},"61":{"start":{"line":62,"column":0},"end":{"line":62,"column":30}},"62":{"start":{"line":63,"column":0},"end":{"line":63,"column":44}},"63":{"start":{"line":64,"column":0},"end":{"line":64,"column":4}},"65":{"start":{"line":66,"column":0},"end":{"line":66,"column":10}},"66":{"start":{"line":67,"column":0},"end":{"line":67,"column":58}},"67":{"start":{"line":68,"column":0},"end":{"line":68,"column":29}},"68":{"start":{"line":69,"column":0},"end":{"line":69,"column":12}},"69":{"start":{"line":70,"column":0},"end":{"line":70,"column":19}},"70":{"start":{"line":71,"column":0},"end":{"line":71,"column":33}},"71":{"start":{"line":72,"column":0},"end":{"line":72,"column":26}},"72":{"start":{"line":73,"column":0},"end":{"line":73,"column":37}},"73":{"start":{"line":74,"column":0},"end":{"line":74,"column":33}},"74":{"start":{"line":75,"column":0},"end":{"line":75,"column":10}},"75":{"start":{"line":76,"column":0},"end":{"line":76,"column":8}},"76":{"start":{"line":77,"column":0},"end":{"line":77,"column":15}},"77":{"start":{"line":78,"column":0},"end":{"line":78,"column":43}},"78":{"start":{"line":79,"column":0},"end":{"line":79,"column":13}},"79":{"start":{"line":80,"column":0},"end":{"line":80,"column":64}},"80":{"start":{"line":81,"column":0},"end":{"line":81,"column":14}},"82":{"start":{"line":83,"column":0},"end":{"line":83,"column":32}},"83":{"start":{"line":84,"column":0},"end":{"line":84,"column":15}},"84":{"start":{"line":85,"column":0},"end":{"line":85,"column":67}},"85":{"start":{"line":86,"column":0},"end":{"line":86,"column":16}},"87":{"start":{"line":88,"column":0},"end":{"line":88,"column":15}},"88":{"start":{"line":89,"column":0},"end":{"line":89,"column":66}},"89":{"start":{"line":90,"column":0},"end":{"line":90,"column":16}},"91":{"start":{"line":92,"column":0},"end":{"line":92,"column":14}},"93":{"start":{"line":94,"column":0},"end":{"line":94,"column":10}},"95":{"start":{"line":96,"column":0},"end":{"line":96,"column":2}}},"s":{"41":1,"42":1,"44":1,"45":4,"46":4,"47":4,"48":4,"49":4,"51":4,"52":2,"53":2,"54":2,"55":2,"57":4,"58":2,"60":2,"61":2,"62":2,"63":2,"65":4,"66":4,"67":4,"68":4,"69":4,"70":4,"71":4,"72":2,"73":2,"74":2,"75":4,"76":4,"77":2,"78":2,"79":2,"80":2,"82":2,"83":1,"84":1,"85":1,"87":1,"88":1,"89":1,"91":2,"93":4,"95":4},"branchMap":{"0":{"type":"branch","line":45,"loc":{"start":{"line":45,"column":23},"end":{"line":96,"column":2}},"locations":[{"start":{"line":45,"column":23},"end":{"line":96,"column":2}}]},"1":{"type":"branch","line":77,"loc":{"start":{"line":77,"column":7},"end":{"line":92,"column":14}},"locations":[{"start":{"line":77,"column":7},"end":{"line":92,"column":14}}]},"2":{"type":"branch","line":83,"loc":{"start":{"line":83,"column":27},"end":{"line":86,"column":16}},"locations":[{"start":{"line":83,"column":27},"end":{"line":86,"column":16}}]},"3":{"type":"branch","line":86,"loc":{"start":{"line":86,"column":12},"end":{"line":90,"column":16}},"locations":[{"start":{"line":86,"column":12},"end":{"line":90,"column":16}}]},"4":{"type":"branch","line":52,"loc":{"start":{"line":52,"column":21},"end":{"line":56,"column":4}},"locations":[{"start":{"line":52,"column":21},"end":{"line":56,"column":4}}]},"5":{"type":"branch","line":58,"loc":{"start":{"line":58,"column":23},"end":{"line":64,"column":4}},"locations":[{"start":{"line":58,"column":23},"end":{"line":64,"column":4}}]},"6":{"type":"branch","line":72,"loc":{"start":{"line":72,"column":18},"end":{"line":75,"column":10}},"locations":[{"start":{"line":72,"column":18},"end":{"line":75,"column":10}}]}},"b":{"0":[4],"1":[2],"2":[1],"3":[1],"4":[2],"5":[2],"6":[2]},"fnMap":{"0":{"name":"DayView","decl":{"start":{"line":45,"column":23},"end":{"line":96,"column":2}},"loc":{"start":{"line":45,"column":23},"end":{"line":96,"column":2}},"line":45},"1":{"name":"getDayDiff","decl":{"start":{"line":52,"column":21},"end":{"line":56,"column":4}},"loc":{"start":{"line":52,"column":21},"end":{"line":56,"column":4}},"line":52},"2":{"name":"isFutureDate","decl":{"start":{"line":58,"column":23},"end":{"line":64,"column":4}},"loc":{"start":{"line":58,"column":23},"end":{"line":64,"column":4}},"line":58},"3":{"name":"onChange","decl":{"start":{"line":72,"column":18},"end":{"line":75,"column":10}},"loc":{"start":{"line":72,"column":18},"end":{"line":75,"column":10}},"line":72}},"f":{"0":4,"1":2,"2":2,"3":2}}
,"/Users/ruqayah/Downloads/falaq/falaq-projects/day_Counter/src/app/index.tsx": {"path":"/Users/ruqayah/Downloads/falaq/falaq-projects/day_Counter/src/app/index.tsx","all":false,"statementMap":{"0":{"start":{"line":1,"column":0},"end":{"line":1,"column":67}},"1":{"start":{"line":2,"column":0},"end":{"line":2,"column":34}},"3":{"start":{"line":4,"column":0},"end":{"line":4,"column":26}},"4":{"start":{"line":5,"column":0},"end":{"line":5,"column":36}},"6":{"start":{"line":7,"column":0},"end":{"line":7,"column":12}},"7":{"start":{"line":8,"column":0},"end":{"line":8,"column":46}},"8":{"start":{"line":9,"column":0},"end":{"line":9,"column":22}},"9":{"start":{"line":10,"column":0},"end":{"line":10,"column":35}},"11":{"start":{"line":12,"column":0},"end":{"line":12,"column":1}}},"s":{"0":1,"1":1,"3":1,"4":2,"6":2,"7":2,"8":2,"9":2,"11":2},"branchMap":{"0":{"type":"branch","line":4,"loc":{"start":{"line":4,"column":19},"end":{"line":12,"column":1}},"locations":[{"start":{"line":4,"column":19},"end":{"line":12,"column":1}}]}},"b":{"0":[2]},"fnMap":{"0":{"name":"App","decl":{"start":{"line":4,"column":19},"end":{"line":12,"column":1}},"loc":{"start":{"line":4,"column":19},"end":{"line":12,"column":1}},"line":4}},"f":{"0":2}}
,"/Users/ruqayah/Downloads/falaq/falaq-projects/day_Counter/src/utils/index.ts": {"path":"/Users/ruqayah/Downloads/falaq/falaq-projects/day_Counter/src/utils/index.ts","all":false,"statementMap":{"0":{"start":{"line":1,"column":0},"end":{"line":1,"column":34}},"1":{"start":{"line":2,"column":0},"end":{"line":2,"column":44}},"10":{"start":{"line":11,"column":0},"end":{"line":11,"column":36}},"11":{"start":{"line":12,"column":0},"end":{"line":12,"column":30}},"12":{"start":{"line":13,"column":0},"end":{"line":13,"column":19}},"13":{"start":{"line":14,"column":0},"end":{"line":14,"column":2}},"14":{"start":{"line":15,"column":0},"end":{"line":15,"column":141}},"15":{"start":{"line":16,"column":0},"end":{"line":16,"column":1}},"17":{"start":{"line":18,"column":0},"end":{"line":18,"column":34}},"18":{"start":{"line":19,"column":0},"end":{"line":19,"column":15}},"19":{"start":{"line":20,"column":0},"end":{"line":20,"column":17}},"20":{"start":{"line":21,"column":0},"end":{"line":21,"column":25}},"21":{"start":{"line":22,"column":0},"end":{"line":22,"column":61}},"23":{"start":{"line":24,"column":0},"end":{"line":24,"column":20}},"24":{"start":{"line":25,"column":0},"end":{"line":25,"column":51}},"25":{"start":{"line":26,"column":0},"end":{"line":26,"column":39}},"26":{"start":{"line":27,"column":0},"end":{"line":27,"column":21}},"28":{"start":{"line":29,"column":0},"end":{"line":29,"column":17}},"29":{"start":{"line":30,"column":0},"end":{"line":30,"column":1}}},"s":{"0":1,"1":1,"10":1,"11":2,"12":2,"13":2,"14":2,"15":2,"17":1,"18":4,"19":4,"20":4,"21":4,"23":4,"24":2,"25":2,"26":4,"28":4,"29":4},"branchMap":{"0":{"type":"branch","line":11,"loc":{"start":{"line":11,"column":7},"end":{"line":16,"column":1}},"locations":[{"start":{"line":11,"column":7},"end":{"line":16,"column":1}}]},"1":{"type":"branch","line":18,"loc":{"start":{"line":18,"column":7},"end":{"line":30,"column":1}},"locations":[{"start":{"line":18,"column":7},"end":{"line":30,"column":1}}]},"2":{"type":"branch","line":22,"loc":{"start":{"line":22,"column":42},"end":{"line":22,"column":59}},"locations":[{"start":{"line":22,"column":42},"end":{"line":22,"column":59}}]},"3":{"type":"branch","line":24,"loc":{"start":{"line":24,"column":14},"end":{"line":27,"column":7}},"locations":[{"start":{"line":24,"column":14},"end":{"line":27,"column":7}}]},"4":{"type":"branch","line":26,"loc":{"start":{"line":26,"column":15},"end":{"line":26,"column":39}},"locations":[{"start":{"line":26,"column":15},"end":{"line":26,"column":39}}]}},"b":{"0":[2],"1":[4],"2":[2],"3":[2],"4":[2]},"fnMap":{"0":{"name":"withInitialValue","decl":{"start":{"line":11,"column":7},"end":{"line":16,"column":1}},"loc":{"start":{"line":11,"column":7},"end":{"line":16,"column":1}},"line":11},"1":{"name":"useObservable","decl":{"start":{"line":18,"column":7},"end":{"line":30,"column":1}},"loc":{"start":{"line":18,"column":7},"end":{"line":30,"column":1}},"line":18}},"f":{"0":2,"1":4}}
}
